{
  "RSpec": {
    "coverage": {
      "/Users/rosannehoyem/Development/code/flatiron/final-project/flatiron-alumni-app/app/uploaders/attachment_uploader.rb": [
        null,
        null,
        1,
        null,
        null,
        1,
        null,
        null,
        null,
        1,
        null,
        null,
        null,
        null,
        1,
        0,
        null,
        null,
        null,
        null,
        null,
        null,
        null,
        null,
        null,
        null,
        null,
        null,
        null,
        null,
        null,
        null,
        null,
        null,
        1,
        1,
        null,
        null,
        1,
        1,
        null,
        null,
        null,
        null,
        null,
        null,
        null,
        null,
        null,
        null,
        null,
        null,
        null,
        null,
        null
      ],
      "/Users/rosannehoyem/Development/code/flatiron/final-project/flatiron-alumni-app/app/uploaders/project_photo_uploader.rb": [
        null,
        null,
        1,
        null,
        null,
        1,
        null,
        null,
        null,
        1,
        null,
        null,
        null,
        null,
        1,
        0,
        null,
        null,
        null,
        null,
        null,
        null,
        null,
        null,
        null,
        null,
        null,
        null,
        null,
        null,
        null,
        null,
        null,
        1,
        1,
        null,
        null,
        1,
        1,
        null,
        null,
        1,
        1,
        null,
        null,
        null,
        null,
        null,
        null,
        null,
        null,
        null,
        null,
        null,
        null,
        null,
        null,
        null,
        null,
        null,
        null,
        null,
        null
      ],
      "/Users/rosannehoyem/Development/code/flatiron/final-project/flatiron-alumni-app/app/controllers/application_controller.rb": [
        1,
        null,
        null,
        1,
        null,
        1,
        0,
        null,
        1,
        null,
        1,
        0,
        0,
        0,
        0,
        0,
        null,
        0,
        null,
        null,
        null,
        1,
        null,
        1,
        0,
        null,
        null
      ],
      "/Users/rosannehoyem/Development/code/flatiron/final-project/flatiron-alumni-app/app/helpers/application_helper.rb": [
        1,
        null
      ],
      "/Users/rosannehoyem/Development/code/flatiron/final-project/flatiron-alumni-app/app/helpers/employer_helper.rb": [
        1,
        null
      ],
      "/Users/rosannehoyem/Development/code/flatiron/final-project/flatiron-alumni-app/app/helpers/forums_helper.rb": [
        1,
        null
      ],
      "/Users/rosannehoyem/Development/code/flatiron/final-project/flatiron-alumni-app/app/helpers/jobs_helper.rb": [
        1,
        null
      ],
      "/Users/rosannehoyem/Development/code/flatiron/final-project/flatiron-alumni-app/app/helpers/main_topics_helper.rb": [
        1,
        null
      ],
      "/Users/rosannehoyem/Development/code/flatiron/final-project/flatiron-alumni-app/app/helpers/pages_helper.rb": [
        1,
        null
      ],
      "/Users/rosannehoyem/Development/code/flatiron/final-project/flatiron-alumni-app/app/helpers/projects_helper.rb": [
        1,
        null
      ],
      "/Users/rosannehoyem/Development/code/flatiron/final-project/flatiron-alumni-app/app/helpers/replies_helper.rb": [
        1,
        null
      ],
      "/Users/rosannehoyem/Development/code/flatiron/final-project/flatiron-alumni-app/app/helpers/searches_helper.rb": [
        1,
        null
      ],
      "/Users/rosannehoyem/Development/code/flatiron/final-project/flatiron-alumni-app/app/helpers/sessions_helper.rb": [
        1,
        null
      ],
      "/Users/rosannehoyem/Development/code/flatiron/final-project/flatiron-alumni-app/app/helpers/users_helper.rb": [
        1,
        null
      ],
      "/Users/rosannehoyem/Development/code/flatiron/final-project/flatiron-alumni-app/app/models/user.rb": [
        1,
        null,
        null,
        1,
        null,
        null,
        null,
        1,
        1,
        1,
        1,
        1,
        1,
        1,
        null,
        1,
        1,
        null,
        null,
        1,
        null,
        1,
        0,
        null,
        null,
        1,
        0,
        0,
        0,
        0,
        0,
        0,
        0,
        0,
        0,
        0,
        0,
        0,
        0,
        0,
        null,
        null,
        null,
        1,
        0,
        0,
        0,
        0,
        null,
        null,
        0,
        null,
        null,
        null,
        1,
        1,
        null,
        null,
        1,
        4,
        null,
        null,
        1,
        0,
        0,
        null,
        0,
        null,
        null,
        null,
        1,
        0,
        null,
        null,
        1,
        1,
        0,
        null,
        1,
        null,
        null,
        null,
        null
      ],
      "/Users/rosannehoyem/Development/code/flatiron/final-project/flatiron-alumni-app/app/controllers/employer_controller.rb": [
        1,
        null,
        null,
        1,
        0,
        null,
        null,
        1,
        0,
        null,
        null,
        1,
        0,
        null,
        null,
        1,
        0,
        null,
        0,
        0,
        0,
        0,
        null,
        0,
        0,
        null,
        null,
        null,
        null,
        null,
        null,
        1,
        null,
        1,
        0,
        null,
        null,
        null
      ],
      "/Users/rosannehoyem/Development/code/flatiron/final-project/flatiron-alumni-app/app/controllers/forums_controller.rb": [
        1,
        1,
        null,
        null,
        null,
        1,
        1,
        1,
        1,
        null,
        null,
        null,
        null,
        1,
        1,
        1,
        null,
        null,
        null,
        1,
        1,
        1,
        null,
        null,
        null,
        1,
        null,
        null,
        null,
        null,
        1,
        5,
        null,
        5,
        5,
        6,
        3,
        null,
        4,
        2,
        null,
        null,
        null,
        null,
        null,
        null,
        1,
        5,
        5,
        0,
        0,
        null,
        0,
        0,
        null,
        null,
        null,
        null,
        null,
        null,
        1,
        2,
        2,
        4,
        2,
        null,
        null,
        null,
        1,
        null,
        1,
        9,
        null,
        null,
        null,
        1,
        10,
        null,
        null
      ],
      "/Users/rosannehoyem/Development/code/flatiron/final-project/flatiron-alumni-app/app/controllers/jobs_controller.rb": [
        1,
        1,
        null,
        null,
        null,
        1,
        1,
        null,
        null,
        null,
        null,
        1,
        null,
        null,
        null,
        null,
        1,
        1,
        0,
        null,
        0,
        null,
        null,
        null,
        null,
        1,
        null,
        null,
        null,
        null,
        1,
        5,
        5,
        5,
        null,
        null,
        null,
        null,
        null,
        1,
        5,
        5,
        0,
        0,
        null,
        0,
        0,
        null,
        null,
        null,
        null,
        null,
        null,
        1,
        2,
        2,
        4,
        2,
        null,
        null,
        null,
        1,
        null,
        1,
        9,
        null,
        null,
        null,
        1,
        10,
        null,
        null
      ],
      "/Users/rosannehoyem/Development/code/flatiron/final-project/flatiron-alumni-app/app/controllers/main_topics_controller.rb": [
        1,
        1,
        null,
        1,
        0,
        null,
        null,
        null,
        1,
        null,
        null,
        null,
        null,
        1,
        null,
        null,
        null,
        1,
        null,
        null,
        null,
        1,
        0,
        0,
        null,
        null,
        null,
        1,
        null,
        null,
        null,
        null,
        1,
        null,
        null,
        null,
        1,
        null,
        1,
        0,
        null,
        null,
        null,
        1,
        0,
        null,
        null,
        null,
        null,
        null
      ],
      "/Users/rosannehoyem/Development/code/flatiron/final-project/flatiron-alumni-app/app/controllers/pages_controller.rb": [
        1,
        null,
        1,
        1,
        1,
        null,
        null,
        1,
        null,
        null,
        1,
        1,
        null,
        null,
        1,
        null,
        null
      ],
      "/Users/rosannehoyem/Development/code/flatiron/final-project/flatiron-alumni-app/app/controllers/projects_controller.rb": [
        1,
        1,
        null,
        null,
        null,
        1,
        0,
        null,
        null,
        null,
        null,
        1,
        null,
        null,
        null,
        null,
        1,
        1,
        null,
        null,
        null,
        1,
        0,
        null,
        null,
        1,
        0,
        0,
        0,
        null,
        null,
        1,
        0,
        0,
        0,
        0,
        null,
        null,
        null,
        null,
        1,
        5,
        null,
        5,
        5,
        0,
        0,
        null,
        10,
        5,
        null,
        null,
        null,
        null,
        null,
        null,
        1,
        0,
        0,
        0,
        0,
        null,
        0,
        0,
        null,
        null,
        null,
        null,
        1,
        null,
        null,
        null,
        null,
        0,
        0,
        null,
        0,
        null,
        null,
        null,
        null,
        1,
        0,
        0,
        0,
        0,
        null,
        null,
        null,
        1,
        null,
        1,
        0,
        null,
        null,
        null,
        1,
        5,
        null,
        null,
        1,
        0,
        null,
        null,
        1,
        0,
        0,
        0,
        null,
        null,
        null,
        null,
        null
      ],
      "/Users/rosannehoyem/Development/code/flatiron/final-project/flatiron-alumni-app/app/controllers/replies_controller.rb": [
        1,
        null,
        1,
        0,
        0,
        0,
        null,
        null,
        1,
        0,
        0,
        null,
        null,
        null,
        1,
        0,
        null,
        null,
        null,
        1,
        0,
        0,
        0,
        0,
        null,
        null,
        null,
        null,
        null,
        null,
        1,
        null,
        null,
        null,
        1,
        0,
        null,
        null,
        null
      ],
      "/Users/rosannehoyem/Development/code/flatiron/final-project/flatiron-alumni-app/app/controllers/searches_controller.rb": [
        1,
        1,
        1,
        null,
        null,
        1,
        1,
        0,
        null,
        null,
        1,
        1,
        null,
        null,
        1,
        null,
        1,
        1,
        null,
        null
      ],
      "/Users/rosannehoyem/Development/code/flatiron/final-project/flatiron-alumni-app/app/controllers/sessions_controller.rb": [
        1,
        1,
        null,
        null,
        1,
        0,
        0,
        0,
        0,
        null,
        0,
        0,
        null,
        null,
        null,
        1,
        0,
        null,
        0,
        null,
        null,
        null
      ],
      "/Users/rosannehoyem/Development/code/flatiron/final-project/flatiron-alumni-app/app/controllers/users_controller.rb": [
        1,
        1,
        null,
        1,
        0,
        null,
        null,
        1,
        0,
        0,
        0,
        0,
        null,
        0,
        null,
        null,
        null,
        1,
        null,
        null,
        null,
        1,
        0,
        null,
        null,
        1,
        null,
        null,
        1,
        0,
        0,
        0,
        0,
        null,
        0,
        0,
        null,
        null,
        null,
        null,
        1,
        0,
        null,
        null,
        null,
        1,
        0,
        0,
        null,
        null,
        null,
        1,
        null,
        null,
        null,
        1,
        0,
        null,
        null,
        1,
        0,
        0,
        0,
        null,
        null,
        null,
        1,
        null,
        1,
        0,
        null,
        null,
        null,
        1,
        0,
        null,
        null,
        1,
        0,
        null,
        null,
        null
      ],
      "/Users/rosannehoyem/Development/code/flatiron/final-project/flatiron-alumni-app/app/models/forum.rb": [
        1,
        1,
        1,
        1,
        null
      ],
      "/Users/rosannehoyem/Development/code/flatiron/final-project/flatiron-alumni-app/app/models/job.rb": [
        1,
        1,
        null
      ],
      "/Users/rosannehoyem/Development/code/flatiron/final-project/flatiron-alumni-app/app/models/main_topic.rb": [
        1,
        1,
        null,
        null
      ],
      "/Users/rosannehoyem/Development/code/flatiron/final-project/flatiron-alumni-app/app/models/project_contributor.rb": [
        1,
        1,
        1,
        null,
        1,
        1,
        1,
        null
      ],
      "/Users/rosannehoyem/Development/code/flatiron/final-project/flatiron-alumni-app/app/models/project_picture.rb": [
        1,
        1,
        1,
        null,
        null
      ],
      "/Users/rosannehoyem/Development/code/flatiron/final-project/flatiron-alumni-app/app/models/project.rb": [
        1,
        1,
        1,
        1,
        1,
        null,
        1,
        1,
        null,
        null
      ],
      "/Users/rosannehoyem/Development/code/flatiron/final-project/flatiron-alumni-app/app/models/reply.rb": [
        1,
        1,
        1,
        null
      ],
      "/Users/rosannehoyem/Development/code/flatiron/final-project/flatiron-alumni-app/app/models/search.rb": [
        1,
        null,
        1,
        0,
        null,
        null,
        1,
        null,
        1,
        0,
        0,
        0,
        0,
        0,
        0,
        0,
        null,
        null,
        null
      ]
    },
    "timestamp": 1386703614
  }
}
