{
  "RSpec": {
    "coverage": {
      "/Users/rosannehoyem/Development/code/flatiron/final-project/flatiron-alumni-app/app/controllers/jobs_controller.rb": [
        1,
        1,
        null,
        null,
        null,
        1,
        1,
        null,
        null,
        null,
        null,
        1,
        null,
        null,
        null,
        null,
        1,
        1,
        0,
        null,
        0,
        null,
        null,
        null,
        null,
        1,
        null,
        null,
        null,
        null,
        1,
        5,
        5,
        5,
        null,
        null,
        null,
        null,
        null,
        1,
        5,
        5,
        0,
        0,
        null,
        0,
        0,
        null,
        null,
        null,
        null,
        null,
        null,
        1,
        2,
        2,
        4,
        2,
        null,
        null,
        null,
        1,
        null,
        1,
        9,
        null,
        null,
        null,
        1,
        10,
        null,
        null
      ],
      "/Users/rosannehoyem/Development/code/flatiron/final-project/flatiron-alumni-app/app/controllers/application_controller.rb": [
        1,
        null,
        null,
        1,
        null,
        1,
        0,
        null,
        1,
        null,
        1,
        0,
        0,
        0,
        0,
        0,
        null,
        0,
        null,
        null,
        null,
        1,
        null,
        1,
        0,
        null,
        null
      ],
      "/Users/rosannehoyem/Development/code/flatiron/final-project/flatiron-alumni-app/app/models/job.rb": [
        1,
        1,
        1,
        null
      ]
    },
    "timestamp": 1387511653
  }
}
